/home/yadunand/miniconda3/envs/parsl_py3.11/lib/python3.11/site-packages/pydantic/_internal/_config.py:322: UserWarning: Valid config keys have changed in V2:
* 'underscore_attrs_are_private' has been removed
  warnings.warn(message, UserWarning)
/home/yadunand/miniconda3/envs/parsl_py3.11/lib/python3.11/site-packages/pydantic/_internal/_config.py:322: UserWarning: Valid config keys have changed in V2:
* 'allow_population_by_field_name' has been renamed to 'populate_by_name'
  warnings.warn(message, UserWarning)
/home/yadunand/miniconda3/envs/parsl_py3.11/lib/python3.11/site-packages/pydantic/_internal/_config.py:322: UserWarning: Valid config keys have changed in V2:
* 'allow_population_by_field_name' has been renamed to 'populate_by_name'
* 'underscore_attrs_are_private' has been removed
  warnings.warn(message, UserWarning)
start:9335056.315556996
Selecting parsl_config: {'label': 'expanse-htex', 'max_workers_per_node': 128, 'provider': LocalProvider(
    channel=LocalChannel(
        envs={}, 
        script_dir=None, 
        userhome='/home/yadunand/flox-scaling-tests/parsl-tests'
    ), 
    cmd_timeout=30, 
    init_blocks=1, 
    launcher=SrunLauncher(debug=True, overrides='--exclude=$SLURMD_NODENAME'), 
    max_blocks=1, 
    min_blocks=0, 
    move_files=None, 
    nodes_per_block=1, 
    parallelism=1, 
    worker_init='source ~/setup_parsl_test_env.sh; export PYTHONPATH=/home/yadunand/flox-scaling-tests/parsl-tests:$PYTHONPATH'
)}
priming_done:9335097.614818905
Yadu : setting RedisTransfer to 10.22.7.24
federated_fit::sync:   0%|          | 0/1 [00:00<?, ?it/s]federated_fit::sync: 100%|██████████| 1/1 [00:23<00:00, 23.50s/it]federated_fit::sync: 100%|██████████| 1/1 [00:23<00:00, 23.50s/it]
end:9335121.153867364
❯ Finished in 64.83831036835909 seconds.
