/home/yadunand/miniconda3/envs/v2.parsl_py3.11/lib/python3.11/site-packages/pydantic/_internal/_config.py:322: UserWarning: Valid config keys have changed in V2:
* 'underscore_attrs_are_private' has been removed
  warnings.warn(message, UserWarning)
/home/yadunand/miniconda3/envs/v2.parsl_py3.11/lib/python3.11/site-packages/pydantic/_internal/_config.py:322: UserWarning: Valid config keys have changed in V2:
* 'allow_population_by_field_name' has been renamed to 'populate_by_name'
  warnings.warn(message, UserWarning)
/home/yadunand/miniconda3/envs/v2.parsl_py3.11/lib/python3.11/site-packages/pydantic/_internal/_config.py:322: UserWarning: Valid config keys have changed in V2:
* 'allow_population_by_field_name' has been renamed to 'populate_by_name'
* 'underscore_attrs_are_private' has been removed
  warnings.warn(message, UserWarning)
start:4577903.980952938
Selecting parsl_config: {'label': 'local-htex', 'max_workers_per_node': 4, 'provider': LocalProvider(
    channel=LocalChannel(
        envs={}, 
        script_dir=None, 
        userhome='/home/yadunand/flox-scaling-tests/parsl-tests'
    ), 
    cmd_timeout=30, 
    init_blocks=1, 
    launcher=SingleNodeLauncher(debug=True, fail_on_any=False), 
    max_blocks=1, 
    min_blocks=0, 
    move_files=None, 
    nodes_per_block=1, 
    parallelism=1, 
    worker_init='source ~/setup_parsl_test_env.v2.sh; export PYTHONPATH=/home/yadunand/flox-scaling-tests/parsl-tests:$PYTHONPATH'
)}
priming_done:4577922.950396911
federated_fit::sync:   0%|          | 0/1 [00:00<?, ?it/s]federated_fit::sync: 100%|██████████| 1/1 [00:03<00:00,  3.68s/it]federated_fit::sync: 100%|██████████| 1/1 [00:03<00:00,  3.69s/it]
end:4577926.703999802
❯ Finished in 22.7230468634516 seconds.
